<?xml version="1.0" encoding="UTF-8"?>
<testsuite xmlns:xsi="http://www.w3.org/2001/XMLSchema-instance" xsi:noNamespaceSchemaLocation="https://maven.apache.org/surefire/maven-surefire-plugin/xsd/surefire-test-report.xsd" name="com.example.AppTest" time="0.03" tests="1" errors="0" skipped="0" failures="0">
  <properties>
    <property name="java.specification.version" value="17"/>
    <property name="sun.cpu.isalist" value="amd64"/>
    <property name="sun.jnu.encoding" value="Cp1252"/>
    <property name="java.class.path" value="C:\Users\Hazrul Idham\Documents\Joget\DJL-work\djl-project\target\test-classes;C:\Users\Hazrul Idham\Documents\Joget\DJL-work\djl-project\target\classes;C:\Users\Hazrul Idham\.m2\repository\junit\junit\4.11\junit-4.11.jar;C:\Users\Hazrul Idham\.m2\repository\org\hamcrest\hamcrest-core\1.3\hamcrest-core-1.3.jar;C:\Users\Hazrul Idham\.m2\repository\com\github\oshi\oshi-core\6.4.3\oshi-core-6.4.3.jar;C:\Users\Hazrul Idham\.m2\repository\net\java\dev\jna\jna\5.13.0\jna-5.13.0.jar;C:\Users\Hazrul Idham\.m2\repository\net\java\dev\jna\jna-platform\5.13.0\jna-platform-5.13.0.jar;C:\Users\Hazrul Idham\.m2\repository\ai\djl\ml\xgboost\xgboost\0.31.0\xgboost-0.31.0.jar;C:\Users\Hazrul Idham\.m2\repository\commons-logging\commons-logging\1.3.4\commons-logging-1.3.4.jar;C:\Users\Hazrul Idham\.m2\repository\ai\djl\tensorflow\tensorflow-engine\0.31.0\tensorflow-engine-0.31.0.jar;C:\Users\Hazrul Idham\.m2\repository\ai\djl\tensorflow\tensorflow-api\0.31.0\tensorflow-api-0.31.0.jar;C:\Users\Hazrul Idham\.m2\repository\org\bytedeco\javacpp\1.5.10\javacpp-1.5.10.jar;C:\Users\Hazrul Idham\.m2\repository\ai\djl\tensorflow\tensorflow-model-zoo\0.31.0\tensorflow-model-zoo-0.31.0.jar;C:\Users\Hazrul Idham\.m2\repository\com\google\protobuf\protobuf-java\4.29.1\protobuf-java-4.29.1.jar;C:\Users\Hazrul Idham\.m2\repository\org\slf4j\slf4j-api\1.7.36\slf4j-api-1.7.36.jar;C:\Users\Hazrul Idham\.m2\repository\ai\djl\pytorch\pytorch-model-zoo\0.31.0\pytorch-model-zoo-0.31.0.jar;C:\Users\Hazrul Idham\.m2\repository\ai\djl\huggingface\tokenizers\0.31.0\tokenizers-0.31.0.jar;C:\Users\Hazrul Idham\.m2\repository\ai\djl\pytorch\pytorch-engine\0.31.0\pytorch-engine-0.31.0.jar;C:\Users\Hazrul Idham\.m2\repository\ai\djl\model-zoo\0.31.0\model-zoo-0.31.0.jar;C:\Users\Hazrul Idham\.m2\repository\ai\djl\api\0.31.0\api-0.31.0.jar;C:\Users\Hazrul Idham\.m2\repository\com\google\code\gson\gson\2.11.0\gson-2.11.0.jar;C:\Users\Hazrul Idham\.m2\repository\com\google\errorprone\error_prone_annotations\2.27.0\error_prone_annotations-2.27.0.jar;C:\Users\Hazrul Idham\.m2\repository\org\apache\commons\commons-compress\1.27.1\commons-compress-1.27.1.jar;C:\Users\Hazrul Idham\.m2\repository\commons-codec\commons-codec\1.17.1\commons-codec-1.17.1.jar;C:\Users\Hazrul Idham\.m2\repository\commons-io\commons-io\2.16.1\commons-io-2.16.1.jar;"/>
    <property name="java.vm.vendor" value="Eclipse Adoptium"/>
    <property name="sun.arch.data.model" value="64"/>
    <property name="user.variant" value=""/>
    <property name="java.vendor.url" value="https://adoptium.net/"/>
    <property name="user.timezone" value="Asia/Kuala_Lumpur"/>
    <property name="os.name" value="Windows 11"/>
    <property name="java.vm.specification.version" value="17"/>
    <property name="sun.java.launcher" value="SUN_STANDARD"/>
    <property name="user.country" value="MY"/>
    <property name="sun.boot.library.path" value="C:\Users\Hazrul Idham\AppData\Local\Programs\Eclipse Adoptium\jdk-17.0.4.101-hotspot\bin"/>
    <property name="sun.java.command" value="C:\Users\HAZRUL~1\AppData\Local\Temp\surefire11912142899716491850\surefirebooter3243122903365026110.jar C:\Users\Hazrul Idham\AppData\Local\Temp\surefire11912142899716491850 2024-12-19T13-13-17_027-jvmRun1 surefire15665660429890780637tmp surefire_01630981412084605014tmp"/>
    <property name="jdk.debug" value="release"/>
    <property name="surefire.test.class.path" value="C:\Users\Hazrul Idham\Documents\Joget\DJL-work\djl-project\target\test-classes;C:\Users\Hazrul Idham\Documents\Joget\DJL-work\djl-project\target\classes;C:\Users\Hazrul Idham\.m2\repository\junit\junit\4.11\junit-4.11.jar;C:\Users\Hazrul Idham\.m2\repository\org\hamcrest\hamcrest-core\1.3\hamcrest-core-1.3.jar;C:\Users\Hazrul Idham\.m2\repository\com\github\oshi\oshi-core\6.4.3\oshi-core-6.4.3.jar;C:\Users\Hazrul Idham\.m2\repository\net\java\dev\jna\jna\5.13.0\jna-5.13.0.jar;C:\Users\Hazrul Idham\.m2\repository\net\java\dev\jna\jna-platform\5.13.0\jna-platform-5.13.0.jar;C:\Users\Hazrul Idham\.m2\repository\ai\djl\ml\xgboost\xgboost\0.31.0\xgboost-0.31.0.jar;C:\Users\Hazrul Idham\.m2\repository\commons-logging\commons-logging\1.3.4\commons-logging-1.3.4.jar;C:\Users\Hazrul Idham\.m2\repository\ai\djl\tensorflow\tensorflow-engine\0.31.0\tensorflow-engine-0.31.0.jar;C:\Users\Hazrul Idham\.m2\repository\ai\djl\tensorflow\tensorflow-api\0.31.0\tensorflow-api-0.31.0.jar;C:\Users\Hazrul Idham\.m2\repository\org\bytedeco\javacpp\1.5.10\javacpp-1.5.10.jar;C:\Users\Hazrul Idham\.m2\repository\ai\djl\tensorflow\tensorflow-model-zoo\0.31.0\tensorflow-model-zoo-0.31.0.jar;C:\Users\Hazrul Idham\.m2\repository\com\google\protobuf\protobuf-java\4.29.1\protobuf-java-4.29.1.jar;C:\Users\Hazrul Idham\.m2\repository\org\slf4j\slf4j-api\1.7.36\slf4j-api-1.7.36.jar;C:\Users\Hazrul Idham\.m2\repository\ai\djl\pytorch\pytorch-model-zoo\0.31.0\pytorch-model-zoo-0.31.0.jar;C:\Users\Hazrul Idham\.m2\repository\ai\djl\huggingface\tokenizers\0.31.0\tokenizers-0.31.0.jar;C:\Users\Hazrul Idham\.m2\repository\ai\djl\pytorch\pytorch-engine\0.31.0\pytorch-engine-0.31.0.jar;C:\Users\Hazrul Idham\.m2\repository\ai\djl\model-zoo\0.31.0\model-zoo-0.31.0.jar;C:\Users\Hazrul Idham\.m2\repository\ai\djl\api\0.31.0\api-0.31.0.jar;C:\Users\Hazrul Idham\.m2\repository\com\google\code\gson\gson\2.11.0\gson-2.11.0.jar;C:\Users\Hazrul Idham\.m2\repository\com\google\errorprone\error_prone_annotations\2.27.0\error_prone_annotations-2.27.0.jar;C:\Users\Hazrul Idham\.m2\repository\org\apache\commons\commons-compress\1.27.1\commons-compress-1.27.1.jar;C:\Users\Hazrul Idham\.m2\repository\commons-codec\commons-codec\1.17.1\commons-codec-1.17.1.jar;C:\Users\Hazrul Idham\.m2\repository\commons-io\commons-io\2.16.1\commons-io-2.16.1.jar;"/>
    <property name="sun.cpu.endian" value="little"/>
    <property name="user.home" value="C:\Users\Hazrul Idham"/>
    <property name="user.language" value="en"/>
    <property name="java.specification.vendor" value="Oracle Corporation"/>
    <property name="java.version.date" value="2022-08-12"/>
    <property name="java.home" value="C:\Users\Hazrul Idham\AppData\Local\Programs\Eclipse Adoptium\jdk-17.0.4.101-hotspot"/>
    <property name="file.separator" value="\"/>
    <property name="basedir" value="C:\Users\Hazrul Idham\Documents\Joget\DJL-work\djl-project"/>
    <property name="java.vm.compressedOopsMode" value="Zero based"/>
    <property name="line.separator" value="&#10;"/>
    <property name="java.vm.specification.vendor" value="Oracle Corporation"/>
    <property name="java.specification.name" value="Java Platform API Specification"/>
    <property name="surefire.real.class.path" value="C:\Users\HAZRUL~1\AppData\Local\Temp\surefire11912142899716491850\surefirebooter3243122903365026110.jar"/>
    <property name="user.script" value=""/>
    <property name="sun.management.compiler" value="HotSpot 64-Bit Tiered Compilers"/>
    <property name="java.runtime.version" value="17.0.4.1+1"/>
    <property name="user.name" value="Hazrul Idham"/>
    <property name="path.separator" value=";"/>
    <property name="os.version" value="10.0"/>
    <property name="java.runtime.name" value="OpenJDK Runtime Environment"/>
    <property name="file.encoding" value="Cp1252"/>
    <property name="java.vm.name" value="OpenJDK 64-Bit Server VM"/>
    <property name="java.vendor.version" value="Temurin-17.0.4.1+1"/>
    <property name="localRepository" value="C:\Users\Hazrul Idham\.m2\repository"/>
    <property name="java.vendor.url.bug" value="https://github.com/adoptium/adoptium-support/issues"/>
    <property name="java.io.tmpdir" value="C:\Users\HAZRUL~1\AppData\Local\Temp\"/>
    <property name="java.version" value="17.0.4.1"/>
    <property name="user.dir" value="C:\Users\Hazrul Idham\Documents\Joget\DJL-work\djl-project"/>
    <property name="os.arch" value="amd64"/>
    <property name="java.vm.specification.name" value="Java Virtual Machine Specification"/>
    <property name="sun.os.patch.level" value=""/>
    <property name="native.encoding" value="Cp1252"/>
    <property name="java.library.path" value="C:\Users\Hazrul Idham\AppData\Local\Programs\Eclipse Adoptium\jdk-17.0.4.101-hotspot\bin;C:\WINDOWS\Sun\Java\bin;C:\WINDOWS\system32;C:\WINDOWS;C:\Python310\Scripts\;C:\Python310\;C:\oraclexe\app\oracle\product\11.2.0\server\bin;C:\Program Files (x86)\Common Files\Intel\Shared Libraries\redist\intel64\compiler;C:\Windows\system32;C:\Windows;C:\Windows\System32\Wbem;C:\Windows\System32\WindowsPowerShell\v1.0\;C:\Windows\System32\OpenSSH\;C:\Program Files\Git\cmd;C:\Program Files\dotnet\;C:\Program Files (x86)\NVIDIA Corporation\PhysX\Common;C:C:\mpj\bin;C:\Program Files\nodejs\;C:\WINDOWS\system32;C:\WINDOWS;C:\WINDOWS\System32\Wbem;C:\WINDOWS\System32\WindowsPowerShell\v1.0\;C:\WINDOWS\System32\OpenSSH\;C:\Program Files\NVIDIA Corporation\NVIDIA app\NvDLISR;C:\Users\Hazrul Idham\Documents\MongoDB\mongosh-2.3.1-win32-x64\mongosh-2.3.1-win32-x64\bin;C:\Program Files\MongoDB\Tools\100\bin;C:\Users\Hazrul Idham\Documents\ANACONDA;C:\Users\Hazrul Idham\Documents\ANACONDA\Scripts;C:\Users\Hazrul Idham\Documents\ANACONDA\Library\bin;C:\Program Files\Cloudflare\Cloudflare WARP\;C:\Users\Hazrul Idham\Documents\maven\apache-maven-3.9.9-bin\apache-maven-3.9.9\bin;C:\Program Files\MySQL\MySQL Shell 8.0\bin\;C:\Program Files\MySQL\MySQL Server 8.0\bin;C:\gradle-8.11.1\bin;C:\Users\Hazrul Idham\AppData\Local\Programs\Eclipse Adoptium\jdk-17.0.4.101-hotspot\bin;C:\Users\Hazrul Idham\AppData\Local\Microsoft\WindowsApps;C:\Users\Hazrul Idham\AppData\Local\Programs\Microsoft VS Code\bin;C:\MinGW\bin;C:\Users\Hazrul Idham\AppData\Local\GitHubDesktop\bin;C:\Users\Hazrul Idham\Documents\FLutter\flutter\bin;C:\Users\Hazrul Idham\AppData\Roaming\npm;C:\Users\Hazrul Idham\AppData\Local\Pub\Cache\bin;C:\Users\Hazrul Idham\Documents\MongoDB\mongosh-2.3.1-win32-x64\mongosh-2.3.1-win32-x64\bin;;."/>
    <property name="java.vm.info" value="mixed mode, sharing"/>
    <property name="java.vendor" value="Eclipse Adoptium"/>
    <property name="java.vm.version" value="17.0.4.1+1"/>
    <property name="sun.io.unicode.encoding" value="UnicodeLittle"/>
    <property name="java.class.version" value="61.0"/>
  </properties>
  <testcase name="shouldAnswerWithTrue" classname="com.example.AppTest" time="0.002"/>
</testsuite>